\BOOKMARK [0][-]{section*.1}{\376\377\000D\000e\000c\000l\000a\000r\000a\000t\000i\000o\000n\000\040\000o\000f\000\040\000A\000u\000t\000h\000o\000r\000s\000h\000i\000p}{}% 1
\BOOKMARK [0][-]{section*.2}{\376\377\000A\000b\000s\000t\000r\000a\000c\000t}{}% 2
\BOOKMARK [0][-]{section*.3}{\376\377\000A\000c\000k\000n\000o\000w\000l\000e\000d\000g\000e\000m\000e\000n\000t\000s}{}% 3
\BOOKMARK [0][-]{chapter.5}{\376\377\000L\000A\000T\000E\000X\000\040\000H\000e\000l\000p}{}% 4
\BOOKMARK [1][-]{section.6}{\376\377\000W\000e\000l\000c\000o\000m\000e\000\040\000a\000n\000d\000\040\000T\000h\000a\000n\000k\000\040\000Y\000o\000u}{chapter.5}% 5
\BOOKMARK [1][-]{section.7}{\376\377\000L\000e\000a\000r\000n\000i\000n\000g\000\040\000L\000a\000T\000e\000X}{chapter.5}% 6
\BOOKMARK [2][-]{subsection.8}{\376\377\000A\000\040\000\050\000n\000o\000t\000\040\000s\000o\000\040\000s\000h\000o\000r\000t\000\051\000\040\000I\000n\000t\000r\000o\000d\000u\000c\000t\000i\000o\000n\000\040\000t\000o\000\040\000L\000a\000T\000e\000X}{section.7}% 7
\BOOKMARK [2][-]{subsection.9}{\376\377\000A\000\040\000S\000h\000o\000r\000t\000\040\000M\000a\000t\000h\000\040\000G\000u\000i\000d\000e\000\040\000f\000o\000r\000\040\000L\000a\000T\000e\000X}{section.7}% 8
\BOOKMARK [2][-]{subsection.10}{\376\377\000C\000o\000m\000m\000o\000n\000\040\000L\000a\000T\000e\000X\000\040\000M\000a\000t\000h\000\040\000S\000y\000m\000b\000o\000l\000s}{section.7}% 9
\BOOKMARK [2][-]{subsection.11}{\376\377\000L\000a\000T\000e\000X\000\040\000o\000n\000\040\000a\000\040\000M\000a\000c}{section.7}% 10
\BOOKMARK [1][-]{section.12}{\376\377\000G\000e\000t\000t\000i\000n\000g\000\040\000S\000t\000a\000r\000t\000e\000d\000\040\000w\000i\000t\000h\000\040\000t\000h\000i\000s\000\040\000T\000e\000m\000p\000l\000a\000t\000e}{chapter.5}% 11
\BOOKMARK [2][-]{subsection.13}{\376\377\000A\000b\000o\000u\000t\000\040\000t\000h\000i\000s\000\040\000T\000e\000m\000p\000l\000a\000t\000e}{section.12}% 12
\BOOKMARK [1][-]{section.14}{\376\377\000W\000h\000a\000t\000\040\000t\000h\000i\000s\000\040\000T\000e\000m\000p\000l\000a\000t\000e\000\040\000I\000n\000c\000l\000u\000d\000e\000s}{chapter.5}% 13
\BOOKMARK [2][-]{subsection.15}{\376\377\000F\000o\000l\000d\000e\000r\000s}{section.14}% 14
\BOOKMARK [2][-]{subsection.16}{\376\377\000F\000i\000l\000e\000s}{section.14}% 15
\BOOKMARK [1][-]{section.17}{\376\377\000F\000i\000l\000l\000i\000n\000g\000\040\000i\000n\000\040\000Y\000o\000u\000r\000\040\000I\000n\000f\000o\000r\000m\000a\000t\000i\000o\000n\000\040\000i\000n\000\040\000t\000h\000e\000\040\000m\000a\000i\000n\000.\000t\000e\000x\000\040\000F\000i\000l\000e}{chapter.5}% 16
\BOOKMARK [1][-]{section.18}{\376\377\000T\000h\000e\000\040\000m\000a\000i\000n\000.\000t\000e\000x\000\040\000F\000i\000l\000e\000\040\000E\000x\000p\000l\000a\000i\000n\000e\000d}{chapter.5}% 17
\BOOKMARK [1][-]{section.19}{\376\377\000T\000h\000e\000s\000i\000s\000\040\000F\000e\000a\000t\000u\000r\000e\000s\000\040\000a\000n\000d\000\040\000C\000o\000n\000v\000e\000n\000t\000i\000o\000n\000s}{chapter.5}% 18
\BOOKMARK [2][-]{subsection.20}{\376\377\000P\000r\000i\000n\000t\000i\000n\000g\000\040\000F\000o\000r\000m\000a\000t}{section.19}% 19
\BOOKMARK [2][-]{subsection.21}{\376\377\000U\000s\000i\000n\000g\000\040\000U\000S\000\040\000L\000e\000t\000t\000e\000r\000\040\000P\000a\000p\000e\000r}{section.19}% 20
\BOOKMARK [2][-]{subsection.22}{\376\377\000R\000e\000f\000e\000r\000e\000n\000c\000e\000s}{section.19}% 21
\BOOKMARK [3][-]{section*.24}{\376\377\000A\000\040\000N\000o\000t\000e\000\040\000o\000n\000\040\000b\000i\000b\000t\000e\000x}{subsection.22}% 22
\BOOKMARK [2][-]{subsection.25}{\376\377\000T\000a\000b\000l\000e\000s}{section.19}% 23
\BOOKMARK [2][-]{subsection.27}{\376\377\000F\000i\000g\000u\000r\000e\000s}{section.19}% 24
\BOOKMARK [2][-]{subsection.29}{\376\377\000T\000y\000p\000e\000s\000e\000t\000t\000i\000n\000g\000\040\000m\000a\000t\000h\000e\000m\000a\000t\000i\000c\000s}{section.19}% 25
\BOOKMARK [1][-]{section.31}{\376\377\000S\000e\000c\000t\000i\000o\000n\000i\000n\000g\000\040\000a\000n\000d\000\040\000S\000u\000b\000s\000e\000c\000t\000i\000o\000n\000i\000n\000g}{chapter.5}% 26
\BOOKMARK [1][-]{section.32}{\376\377\000I\000n\000\040\000C\000l\000o\000s\000i\000n\000g}{chapter.5}% 27
\BOOKMARK [0][-]{chapter.33}{\376\377\000I\000n\000t\000r\000o\000d\000u\000c\000t\000i\000o\000n}{}% 28
\BOOKMARK [1][-]{section.34}{\376\377\000B\000a\000c\000k\000g\000r\000o\000u\000n\000d\000\040\000I\000n\000f\000o\000r\000m\000a\000t\000i\000o\000n}{chapter.33}% 29
\BOOKMARK [1][-]{section.35}{\376\377\000A\000i\000m\000s\000\040\000a\000n\000d\000\040\000O\000b\000j\000e\000c\000t\000i\000v\000e\000s}{chapter.33}% 30
\BOOKMARK [1][-]{section.36}{\376\377\000C\000o\000n\000s\000t\000r\000a\000i\000n\000t\000s}{chapter.33}% 31
\BOOKMARK [0][-]{chapter.37}{\376\377\000L\000i\000t\000e\000r\000a\000t\000u\000r\000e\000\040\000S\000u\000r\000v\000e\000y}{}% 32
\BOOKMARK [1][-]{section.38}{\376\377\000R\000e\000v\000i\000e\000w\000\040\000O\000f\000\040\000M\000a\000r\000z\000i\000h\000a\000s\000\040\000T\000e\000h\000r\000a\000n\000i\000'\000s\000\040\000C\000o\000d\000e}{chapter.37}% 33
\BOOKMARK [1][-]{section.39}{\376\377\000R\000e\000v\000i\000e\000w\000\040\000O\000f\000\040\000E\000p\000i\000t\000h\000e\000o\000l\000o\000m\000e}{chapter.37}% 34
\BOOKMARK [1][-]{section.40}{\376\377\000B\000a\000c\000k\000g\000r\000o\000u\000n\000d\000\040\000L\000i\000t\000e\000r\000a\000t\000u\000r\000e}{chapter.37}% 35
\BOOKMARK [0][-]{chapter.41}{\376\377\000R\000e\000q\000u\000i\000r\000e\000m\000e\000n\000t\000s\000\040\000a\000n\000d\000\040\000A\000n\000a\000l\000y\000s\000i\000s}{}% 36
\BOOKMARK [1][-]{section.42}{\376\377\000A\000i\000m\000s\000\040\000a\000n\000d\000\040\000O\000b\000j\000e\000c\000t\000i\000v\000e\000s}{chapter.41}% 37
\BOOKMARK [1][-]{section.43}{\376\377\000A\000r\000e\000a\000s\000\040\000n\000o\000t\000\040\000C\000o\000v\000e\000r\000e\000d}{chapter.41}% 38
\BOOKMARK [1][-]{section.44}{\376\377\000E\000v\000a\000l\000u\000a\000t\000i\000o\000n\000\040\000o\000f\000\040\000W\000o\000r\000k}{chapter.41}% 39
\BOOKMARK [2][-]{subsection.45}{\376\377\000T\000e\000s\000t\0001\000\040\000-\000\040\000V\000a\000r\000y\000\040\000A\000g\000e}{section.44}% 40
\BOOKMARK [0][-]{chapter.46}{\376\377\000C\000o\000n\000c\000l\000u\000s\000i\000o\000n\000,\000\040\000P\000r\000o\000g\000r\000e\000s\000s\000\040\000a\000n\000d\000\040\000P\000r\000o\000j\000e\000c\000t\000\040\000P\000l\000a\000n}{}% 41
\BOOKMARK [1][-]{section.47}{\376\377\000C\000o\000n\000c\000l\000u\000s\000i\000o\000n}{chapter.46}% 42
\BOOKMARK [1][-]{section.48}{\376\377\000P\000r\000o\000g\000r\000e\000s\000s}{chapter.46}% 43
\BOOKMARK [1][-]{section.49}{\376\377\000P\000r\000o\000j\000e\000c\000t\000\040\000P\000l\000a\000n}{chapter.46}% 44
\BOOKMARK [0][-]{appendix.50}{\376\377\000F\000r\000e\000q\000u\000e\000n\000t\000l\000y\000\040\000A\000s\000k\000e\000d\000\040\000Q\000u\000e\000s\000t\000i\000o\000n\000s}{}% 45
\BOOKMARK [1][-]{section.51}{\376\377\000H\000o\000w\000\040\000d\000o\000\040\000I\000\040\000c\000h\000a\000n\000g\000e\000\040\000t\000h\000e\000\040\000c\000o\000l\000o\000r\000s\000\040\000o\000f\000\040\000l\000i\000n\000k\000s\000?}{appendix.50}% 46
